make all --print-data-base --no-builtin-variables --no-builtin-rules --question
# GNU Make 3.81
# Copyright (C) 2006  Free Software Foundation, Inc.
# This is free software; see the source for copying conditions.
# There is NO warranty; not even for MERCHANTABILITY or FITNESS FOR A
# PARTICULAR PURPOSE.

# This program built for i386-apple-darwin11.3.0

# Make data base, printed on Thu Jun  2 10:31:44 2022

# Variables

# automatic
<D = $(patsubst %/,%,$(dir $<))
# automatic
?F = $(notdir $?)
# environment
VSCODE_LOG_NATIVE = false
# automatic
?D = $(patsubst %/,%,$(dir $?))
# environment
BASH_SILENCE_DEPRECATION_WARNING = 1
# automatic
@D = $(patsubst %/,%,$(dir $@))
# automatic
@F = $(notdir $@)
# makefile
CURDIR := /Users/maxhorowitz/repositories/api
# makefile
SHELL = /bin/sh
# environment
MANPAGER = less -X
# environment
VSCODE_NLS_CONFIG = {"locale":"en-us","availableLanguages":{},"_languagePackSupport":true}
# environment
_ = /usr/bin/make
# makefile (from `Makefile', line 1)
MAKEFILE_LIST :=  Makefile
# environment
HISTCONTROL = ignoreboth
# environment
VSCODE_AMD_ENTRYPOINT = vs/workbench/api/node/extensionHostProcess
# environment
VSCODE_VERBOSE_LOGGING = true
# environment
__CFBundleIdentifier = com.microsoft.VSCode
# environment
INFOPATH = /opt/homebrew/share/info:
# environment
VSCODE_IPC_HOOK_EXTHOST = /var/folders/tp/kjzf7ys56m33v_qbnbfd9rsw0000gn/T/vscode-ipc-42164ac7-f3ce-4653-9682-0b9fbf42a19f.sock
# environment
VSCODE_CWD = /
# environment
GOPROXY = https://proxy.golang.org,direct
# environment
PATH = /opt/homebrew/bin:/opt/homebrew/sbin:/Users/maxhorowitz/bin:/usr/local/bin:/usr/bin:/bin:/usr/sbin:/sbin:/usr/local/go/bin
# environment
LIBRARY_PATH = /opt/homebrew/lib
# environment
GOPATH = /Users/maxhorowitz/go
# environment
VSCODE_LOG_STACK = false
# environment
ELECTRON_RUN_AS_NODE = 1
# default
.FEATURES := target-specific order-only second-expansion else-if archives jobserver check-symlink
# environment
LS_COLORS = no=00:fi=00:di=01;31:ln=01;36:pi=40;33:so=01;35:do=01;35:bd=40;33;01:cd=40;33;01:or=40;31;01:ex=01;32:*.tar=01;31:*.tgz=01;31:*.arj=01;31:*.taz=01;31:*.lzh=01;31:*.zip=01;31:*.z=01;31:*.Z=01;31:*.gz=01;31:*.bz2=01;31:*.deb=01;31:*.rpm=01;31:*.jar=01;31:*.jpg=01;35:*.jpeg=01;35:*.gif=01;35:*.bmp=01;35:*.pbm=01;35:*.pgm=01;35:*.ppm=01;35:*.tga=01;35:*.xbm=01;35:*.xpm=01;35:*.tif=01;35:*.tiff=01;35:*.png=01;35:*.mov=01;35:*.mpg=01;35:*.mpeg=01;35:*.avi=01;35:*.fli=01;35:*.gl=01;35:*.dl=01;35:*.xcf=01;35:*.xwd=01;35:*.ogg=01;35:*.mp3=01;35:*.wav=01;35:
# environment
NODE_REPL_HISTORY = /Users/maxhorowitz/.node_history
# environment
SSH_AUTH_SOCK = /private/tmp/com.apple.launchd.pTdxLxP46P/Listeners
# automatic
%F = $(notdir $%)
# environment
NODE_REPL_HISTORY_SIZE = 32768
# environment
HISTFILESIZE = 32768
# environment
VSCODE_PIPE_LOGGING = true
# environment
PWD = /Users/maxhorowitz/repositories/api
# environment
HOMEBREW_CELLAR = /opt/homebrew/Cellar
# environment
ORIGINAL_XDG_CURRENT_DESKTOP = undefined
# environment
MANPATH = /opt/homebrew/share/man:
# environment
GOMODCACHE = /Users/maxhorowitz/go/pkg/mod
# environment
HOME = /Users/maxhorowitz
# default
MAKEFILEPATH = $(shell /usr/bin/xcode-select -print-path 2>/dev/null || echo /Developer)/Makefiles
# environment
VSCODE_CODE_CACHE_PATH = /Users/maxhorowitz/Library/Application Support/Code/CachedData/c3511e6c69bb39013c4a4b7b9566ec1ca73fc4d5
# environment
LOGNAME = maxhorowitz
# environment
APPLICATION_INSIGHTS_NO_DIAGNOSTIC_CHANNEL = 1
# environment
PYTHONIOENCODING = UTF-8
# environment
VSCODE_HANDLES_UNCAUGHT_ERRORS = true
# automatic
^D = $(patsubst %/,%,$(dir $^))
# environment
LESS_TERMCAP_md = [38;5;136m
# environment
XPC_FLAGS = 0x0
# default
MAKE = $(MAKE_COMMAND)
# default
MAKECMDGOALS := all
# environment
SHLVL = 1
# default
MAKE_VERSION := 3.81
# environment
USER = maxhorowitz
# makefile
.DEFAULT_GOAL := setup
# automatic
%D = $(patsubst %/,%,$(dir $%))
# default
MAKE_COMMAND := /Library/Developer/CommandLineTools/usr/bin/make
# default
.VARIABLES := 
# environment
TMPDIR = /var/folders/tp/kjzf7ys56m33v_qbnbfd9rsw0000gn/T/
# automatic
*F = $(notdir $*)
# environment
VSCODE_IPC_HOOK = /Users/maxhorowitz/Library/Application Support/Code/1.67.2-main.sock
# makefile
MAKEFLAGS = Rrqp
# environment
MFLAGS = -Rrqp
# automatic
*D = $(patsubst %/,%,$(dir $*))
# environment
XPC_SERVICE_NAME = application.com.microsoft.VSCode.1398720.1398726
# environment
HOMEBREW_PREFIX = /opt/homebrew
# automatic
+D = $(patsubst %/,%,$(dir $+))
# automatic
+F = $(notdir $+)
# environment
HOMEBREW_REPOSITORY = /opt/homebrew
# environment
NODE_REPL_MODE = sloppy
# environment
__CF_USER_TEXT_ENCODING = 0x1F5:0x0:0x0
# environment
COMMAND_MODE = unix2003
# default
MAKEFILES := 
# automatic
<F = $(notdir $<)
# environment
GOPRIVATE = github.com/viamrobotics/*,go.viam.com/*
# makefile (from `Makefile', line 1)
PATH_WITH_TOOLS = "`pwd`/bin:`pwd`/frontend/node_modules/.bin:${PATH}"
# environment
EDITOR = vim
# environment
LC_ALL = C
# automatic
^F = $(notdir $^)
# default
SUFFIXES := 
# environment
HISTSIZE = 32768
# environment
MAKELEVEL := 0
# environment
GPG_TTY = not a tty
# environment
LANG = C
# environment
TERM = xterm-256color
# environment
VSCODE_PID = 18182
# environment
VIAM_DEV_ENV = 1
# variable set hash-table stats:
# Load=87/1024=8%, Rehash=0, Collisions=3/110=3%

# Pattern-specific Variable Values

# No pattern-specific variable values.

# Directories

# . (device 16777234, inode 1455643): 18 files, no impossibilities.

# 18 files, no impossibilities in 1 directories.

# Implicit Rules

# No implicit rules.

# Files

setup:
#  Implicit rule search has not been done.
#  Modification time never checked.
#  File has not been updated.
#  commands to execute (from `Makefile', line 4):
	bash etc/setup.sh
	

# Not a target:
all:
#  Command-line target.
#  Implicit rule search has been done.
#  File does not exist.
#  File has not been updated.
# variable set hash-table stats:
# Load=0/32=0%, Rehash=0, Collisions=0/0=0%

# Not a target:
.SUFFIXES:
#  Implicit rule search has not been done.
#  Modification time never checked.
#  File has not been updated.

dist/buf: dist/buf-go
#  Implicit rule search has not been done.
#  Modification time never checked.
#  File has not been updated.

# Not a target:
Makefile:
#  Implicit rule search has been done.
#  Last modified 2022-06-01 12:19:27
#  File has been updated.
#  Successfully updated.
# variable set hash-table stats:
# Load=0/32=0%, Rehash=0, Collisions=0/0=0%

# Not a target:
proto/viam/app/v1/app.proto:
#  Implicit rule search has not been done.
#  Modification time never checked.
#  File has not been updated.

# Not a target:
.DEFAULT:
#  Implicit rule search has not been done.
#  Modification time never checked.
#  File has not been updated.

# Not a target:
proto/tagger/v1/tagger.proto:
#  Implicit rule search has not been done.
#  Modification time never checked.
#  File has not been updated.

lint: dist/tool-install
#  Implicit rule search has not been done.
#  Modification time never checked.
#  File has not been updated.
#  commands to execute (from `Makefile', line 30):
	PATH=$(PATH_WITH_TOOLS) buf lint
	export pkgs=`go list -f '{{.Dir}}' ./... | grep -v gen | grep -v proto` && echo "$$pkgs" | xargs go vet -vettool=bin/combined
	export pkgs=`go list -f '{{.Dir}}' ./... | grep -v gen | grep -v proto` && echo "$$pkgs" | xargs go run github.com/golangci/golangci-lint/cmd/golangci-lint run -v --fix --config=./etc/.golangci.yaml
	

dist/tool-install: Makefile
#  Implicit rule search has not been done.
#  Modification time never checked.
#  File has not been updated.
#  commands to execute (from `Makefile', line 7):
	GOBIN=`pwd`/bin go install google.golang.org/protobuf/cmd/protoc-gen-go \
	github.com/bufbuild/buf/cmd/buf \
	github.com/bufbuild/buf/cmd/protoc-gen-buf-breaking \
	github.com/bufbuild/buf/cmd/protoc-gen-buf-lint \
	github.com/pseudomuto/protoc-gen-doc/cmd/protoc-gen-doc \
	google.golang.org/grpc/cmd/protoc-gen-go-grpc \
	github.com/grpc-ecosystem/grpc-gateway/v2/protoc-gen-grpc-gateway \
	github.com/grpc-ecosystem/grpc-gateway/v2/protoc-gen-openapiv2 \
	github.com/srikrsna/protoc-gen-gotag \
	github.com/edaniels/golinters/cmd/combined \
 
make: *** No rule to make target `all'.  Stop.

	github.com/golangci/golangci-lint/cmd/golangci-lint
	mkdir -p dist
	touch dist/tool-install
	

dist/buf-go: dist/tool-install proto/viam/app/v1/app.proto proto/tagger/v1/tagger.proto
#  Implicit rule search has not been done.
#  Modification time never checked.
#  File has not been updated.
#  commands to execute (from `Makefile', line 24):
	PATH=$(PATH_WITH_TOOLS) buf lint
	PATH=$(PATH_WITH_TOOLS) buf generate
	PATH=$(PATH_WITH_TOOLS) buf generate --template ./etc/buf.gen.tag.yaml
	touch dist/buf-go
	

# files hash-table stats:
# Load=11/1024=1%, Rehash=0, Collisions=0/29=0%
# VPATH Search Paths

# No `vpath' search paths.

# No general (`VPATH' variable) search path.

# # of strings in strcache: 1
# # of strcache buffers: 1
# strcache size: total = 4096 / max = 4096 / min = 4096 / avg = 4096
# strcache free: total = 4087 / max = 4087 / min = 4087 / avg = 4087

# Finished Make data base on Thu Jun  2 10:31:44 2022

 
